Device : cuda | modele : t5-3b | beam : 100
Warning: You are sending unauthenticated requests to the HF Hub. Please set a HF_TOKEN to enable higher rate limits and faster downloads.
Loading weights:   0%|          | 0/509 [00:00<?, ?it/s]Loading weights:  17%|█▋        | 85/509 [00:00<00:00, 848.23it/s]Loading weights:  37%|███▋      | 188/509 [00:00<00:00, 950.15it/s]Loading weights:  56%|█████▌    | 283/509 [00:00<00:00, 834.86it/s]Loading weights:  72%|███████▏  | 368/509 [00:00<00:00, 801.42it/s]Loading weights: 100%|██████████| 509/509 [00:00<00:00, 1075.62it/s]
Generating train split:   0%|          | 0/67349 [00:00<?, ? examples/s]Generating train split: 100%|██████████| 67349/67349 [00:00<00:00, 790688.54 examples/s]
Generating validation split:   0%|          | 0/872 [00:00<?, ? examples/s]Generating validation split: 100%|██████████| 872/872 [00:00<00:00, 235250.09 examples/s]
Generating test split:   0%|          | 0/1821 [00:00<?, ? examples/s]Generating test split: 100%|██████████| 1821/1821 [00:00<00:00, 339715.68 examples/s]
Generation a partir de 32 exemples (seed 42)
Traceback (most recent call last):
  File "/workspace/lmbff/src/generate_templates.py", line 195, in <module>
    main()
  File "/workspace/lmbff/src/generate_templates.py", line 168, in main
    raw = joint_beam_search(model, tokenizer, enc,
          ^^^^^^^^^^^^^^^^^^^^^^^^^^^^^^^^^^^^^^^^
  File "/venv/main/lib/python3.12/site-packages/torch/utils/_contextlib.py", line 124, in decorate_context
    return func(*args, **kwargs)
           ^^^^^^^^^^^^^^^^^^^^^
  File "/workspace/lmbff/src/generate_templates.py", line 81, in joint_beam_search
    out = model(encoder_outputs=(hid,), attention_mask=msk, decoder_input_ids=dec_BN)
          ^^^^^^^^^^^^^^^^^^^^^^^^^^^^^^^^^^^^^^^^^^^^^^^^^^^^^^^^^^^^^^^^^^^^^^^^^^^
  File "/venv/main/lib/python3.12/site-packages/torch/nn/modules/module.py", line 1778, in _wrapped_call_impl
    return self._call_impl(*args, **kwargs)
           ^^^^^^^^^^^^^^^^^^^^^^^^^^^^^^^^
  File "/venv/main/lib/python3.12/site-packages/torch/nn/modules/module.py", line 1789, in _call_impl
    return forward_call(*args, **kwargs)
           ^^^^^^^^^^^^^^^^^^^^^^^^^^^^^
  File "/venv/main/lib/python3.12/site-packages/transformers/models/t5/modeling_t5.py", line 1079, in forward
    decoder_outputs = self.decoder(
                      ^^^^^^^^^^^^^
  File "/venv/main/lib/python3.12/site-packages/torch/nn/modules/module.py", line 1778, in _wrapped_call_impl
    return self._call_impl(*args, **kwargs)
           ^^^^^^^^^^^^^^^^^^^^^^^^^^^^^^^^
  File "/venv/main/lib/python3.12/site-packages/torch/nn/modules/module.py", line 1789, in _call_impl
    return forward_call(*args, **kwargs)
           ^^^^^^^^^^^^^^^^^^^^^^^^^^^^^
  File "/venv/main/lib/python3.12/site-packages/transformers/models/t5/modeling_t5.py", line 727, in forward
    layer_outputs = layer_module(
                    ^^^^^^^^^^^^^
  File "/venv/main/lib/python3.12/site-packages/transformers/modeling_layers.py", line 93, in __call__
    return super().__call__(*args, **kwargs)
           ^^^^^^^^^^^^^^^^^^^^^^^^^^^^^^^^^
  File "/venv/main/lib/python3.12/site-packages/torch/nn/modules/module.py", line 1778, in _wrapped_call_impl
    return self._call_impl(*args, **kwargs)
           ^^^^^^^^^^^^^^^^^^^^^^^^^^^^^^^^
  File "/venv/main/lib/python3.12/site-packages/torch/nn/modules/module.py", line 1789, in _call_impl
    return forward_call(*args, **kwargs)
           ^^^^^^^^^^^^^^^^^^^^^^^^^^^^^
  File "/venv/main/lib/python3.12/site-packages/transformers/models/t5/modeling_t5.py", line 447, in forward
    cross_attention_outputs = self.layer[1](
                              ^^^^^^^^^^^^^^
  File "/venv/main/lib/python3.12/site-packages/torch/nn/modules/module.py", line 1778, in _wrapped_call_impl
    return self._call_impl(*args, **kwargs)
           ^^^^^^^^^^^^^^^^^^^^^^^^^^^^^^^^
  File "/venv/main/lib/python3.12/site-packages/torch/nn/modules/module.py", line 1789, in _call_impl
    return forward_call(*args, **kwargs)
           ^^^^^^^^^^^^^^^^^^^^^^^^^^^^^
  File "/venv/main/lib/python3.12/site-packages/transformers/models/t5/modeling_t5.py", line 385, in forward
    attention_output = self.EncDecAttention(
                       ^^^^^^^^^^^^^^^^^^^^^
  File "/venv/main/lib/python3.12/site-packages/torch/nn/modules/module.py", line 1778, in _wrapped_call_impl
    return self._call_impl(*args, **kwargs)
           ^^^^^^^^^^^^^^^^^^^^^^^^^^^^^^^^
  File "/venv/main/lib/python3.12/site-packages/torch/nn/modules/module.py", line 1789, in _call_impl
    return forward_call(*args, **kwargs)
           ^^^^^^^^^^^^^^^^^^^^^^^^^^^^^
  File "/venv/main/lib/python3.12/site-packages/transformers/models/t5/modeling_t5.py", line 289, in forward
    key_states, value_states = curr_past_key_values.update(key_states, value_states, self.layer_idx)
                               ^^^^^^^^^^^^^^^^^^^^^^^^^^^^^^^^^^^^^^^^^^^^^^^^^^^^^^^^^^^^^^^^^^^^^
  File "/venv/main/lib/python3.12/site-packages/transformers/cache_utils.py", line 1146, in update
    keys, values = self.layers[layer_idx].update(key_states, value_states, *args, **kwargs)
                   ^^^^^^^^^^^^^^^^^^^^^^^^^^^^^^^^^^^^^^^^^^^^^^^^^^^^^^^^^^^^^^^^^^^^^^^^
  File "/venv/main/lib/python3.12/site-packages/transformers/cache_utils.py", line 154, in update
    self.values = torch.cat([self.values, value_states], dim=-2)
                  ^^^^^^^^^^^^^^^^^^^^^^^^^^^^^^^^^^^^^^^^^^^^^^
torch.OutOfMemoryError: CUDA out of memory. Tried to allocate 2.93 GiB. GPU 0 has a total capacity of 93.09 GiB of which 2.93 GiB is free. Including non-PyTorch memory, this process has 90.15 GiB memory in use. Of the allocated memory 88.67 GiB is allocated by PyTorch, and 840.78 MiB is reserved by PyTorch but unallocated. If reserved but unallocated memory is large try setting PYTORCH_CUDA_ALLOC_CONF=expandable_segments:True to avoid fragmentation.  See documentation for Memory Management  (https://docs.pytorch.org/docs/stable/notes/cuda.html#optimizing-memory-usage-with-pytorch-cuda-alloc-conf)
