Device : cuda | CR §5.1 auto mots-labels | template fixe : {sentence} It was {mask} .
Warning: You are sending unauthenticated requests to the HF Hub. Please set a HF_TOKEN to enable higher rate limits and faster downloads.
Loading weights:   0%|          | 0/394 [00:00<?, ?it/s]Loading weights:  34%|███▍      | 135/394 [00:00<00:00, 1253.63it/s]Loading weights:  66%|██████▌   | 261/394 [00:00<00:00, 1044.58it/s]Loading weights: 100%|██████████| 394/394 [00:00<00:00, 1548.24it/s]
Repo card metadata block was not found. Setting CardData to empty.

[1] Top-100 mots par classe (seed 42)...
  classe 0: bad, terrible, expensive, disappointing, great, not, annoying, good, amazing, broken, fine, frustrating ...
  classe 1: great, amazing, awesome, good, perfect, excellent, beautiful, fantastic, free, fun, wonderful, brilliant ...

[2] Filtre zero-shot sur 100x100 combinaisons...
  Top 5 (zero-shot) :
    {0:frustrating, 1:impressive} -> 90.6%
    {0:hard, 1:successful} -> 90.6%
    {0:boring, 1:beautiful} -> 90.6%
    {0:boring, 1:exciting} -> 90.6%
    {0:closed, 1:lovely} -> 90.6%

[3] Fine-tuning des 10 finalistes...
Repo card metadata block was not found. Setting CardData to empty.
    {0:frustrating, 1:impressive} -> val 93.8%
Repo card metadata block was not found. Setting CardData to empty.
    {0:hard, 1:successful} -> val 93.8%
Repo card metadata block was not found. Setting CardData to empty.
    {0:boring, 1:beautiful} -> val 87.5%
Repo card metadata block was not found. Setting CardData to empty.
    {0:boring, 1:exciting} -> val 90.6%
Repo card metadata block was not found. Setting CardData to empty.
    {0:closed, 1:lovely} -> val 93.8%
Repo card metadata block was not found. Setting CardData to empty.
    {0:problematic, 1:stunning} -> val 93.8%
Repo card metadata block was not found. Setting CardData to empty.
    {0:slow, 1:successful} -> val 93.8%
Repo card metadata block was not found. Setting CardData to empty.
    {0:dangerous, 1:successful} -> val 93.8%
Repo card metadata block was not found. Setting CardData to empty.
    {0:difficult, 1:impressive} -> val 93.8%
Repo card metadata block was not found. Setting CardData to empty.
    {0:disappointing, 1:wonderful} -> val 93.8%

>>> MEILLEURS mots-labels : {0:difficult, 1:impressive}

[4] Evaluation finale (5 seeds x grille)...
Repo card metadata block was not found. Setting CardData to empty.
Repo card metadata block was not found. Setting CardData to empty.
Repo card metadata block was not found. Setting CardData to empty.
Repo card metadata block was not found. Setting CardData to empty.
    seed 13 -> TEST 91.5%
Repo card metadata block was not found. Setting CardData to empty.
Repo card metadata block was not found. Setting CardData to empty.
Repo card metadata block was not found. Setting CardData to empty.
Repo card metadata block was not found. Setting CardData to empty.
    seed 21 -> TEST 89.8%
Repo card metadata block was not found. Setting CardData to empty.
Repo card metadata block was not found. Setting CardData to empty.
Repo card metadata block was not found. Setting CardData to empty.
Repo card metadata block was not found. Setting CardData to empty.
    seed 42 -> TEST 87.5%
Repo card metadata block was not found. Setting CardData to empty.
Repo card metadata block was not found. Setting CardData to empty.
Repo card metadata block was not found. Setting CardData to empty.
Repo card metadata block was not found. Setting CardData to empty.
    seed 87 -> TEST 89.9%
Repo card metadata block was not found. Setting CardData to empty.
Repo card metadata block was not found. Setting CardData to empty.
Repo card metadata block was not found. Setting CardData to empty.
Repo card metadata block was not found. Setting CardData to empty.
    seed 100 -> TEST 89.4%

==================================================
Mots-labels auto CR : {0:difficult, 1:impressive}
Prompt-based FT (AUTO label words) : 89.6 +/- 1.3
(rappel) manuel, nous : voir etape 04
==================================================
